
--- Job core_2016.gms Start 12/06/16 23:42:33 24.4.6 r52609 WEX-WEI x86 64bit/MS Windows
GAMS 24.4.6   Copyright (C) 1987-2015 GAMS Development. All rights reserved
Licensee: Yaqian Mu                                      G150107:0436AO-WIN
          Tsinghua University, Res. Centre for International EnvironmDC6727
          License for teaching and research at degree granting institutions
--- Starting compilation
--- core_2016.gms(291) 2 Mb
--- Running the MPSGE preprocessor ...
--- .mpsgeset(19) 2 Mb
--- call gmsge_nx "C:\Users\hero\Desktop\Github\test model - V17\225b\gamscge.dat"
--- .mpsgeset(20) 2 Mb
--- ..gamsgeh.dat(16) 2 Mb 1 Error
*** Error 120 in C:\Users\hero\Desktop\Github\test model - V17\225b\gamsgeh.dat
    Unknown identifier entered as set
--- ..gamsgeh.dat(20) 2 Mb 2 Errors
*** Error 120 in C:\Users\hero\Desktop\Github\test model - V17\225b\gamsgeh.dat
    Unknown identifier entered as set
--- ..gamsgeh.dat(21) 2 Mb 3 Errors
*** Error 120 in C:\Users\hero\Desktop\Github\test model - V17\225b\gamsgeh.dat
    Unknown identifier entered as set
--- ..gamsgeh.dat(38) 2 Mb 4 Errors
*** Error 120 in C:\Users\hero\Desktop\Github\test model - V17\225b\gamsgeh.dat
    Unknown identifier entered as set
--- ..gamsgeh.dat(47) 2 Mb 5 Errors
*** Error 120 in C:\Users\hero\Desktop\Github\test model - V17\225b\gamsgeh.dat
    Unknown identifier entered as set
--- ..gamsgeh.dat(80) 2 Mb 6 Errors
*** Error 140 in C:\Users\hero\Desktop\Github\test model - V17\225b\gamsgeh.dat
    Unknown symbol
--- ..gamsgeh.dat(82) 2 Mb 7 Errors
*** Error 140 in C:\Users\hero\Desktop\Github\test model - V17\225b\gamsgeh.dat
    Unknown symbol
--- ..gamsgeh.dat(83) 2 Mb 8 Errors
*** Error 140 in C:\Users\hero\Desktop\Github\test model - V17\225b\gamsgeh.dat
    Unknown symbol
--- ..gamsgeh.dat(87) 2 Mb 9 Errors
*** Error 140 in C:\Users\hero\Desktop\Github\test model - V17\225b\gamsgeh.dat
    Unknown symbol
--- ..gamsgeh.dat(88) 2 Mb 10 Errors
*** Error 140 in C:\Users\hero\Desktop\Github\test model - V17\225b\gamsgeh.dat
    Unknown symbol
--- ..gamsgeh.dat(89) 2 Mb 11 Errors
*** Error 140 in C:\Users\hero\Desktop\Github\test model - V17\225b\gamsgeh.dat
    Unknown symbol
--- ..gamsgeh.dat(90) 2 Mb 12 Errors
*** Error 140 in C:\Users\hero\Desktop\Github\test model - V17\225b\gamsgeh.dat
    Unknown symbol
--- ..gamsgeh.dat(95) 2 Mb 13 Errors
*** Error 140 in C:\Users\hero\Desktop\Github\test model - V17\225b\gamsgeh.dat
    Unknown symbol
--- ..gamsgeh.dat(96) 2 Mb 14 Errors
*** Error 140 in C:\Users\hero\Desktop\Github\test model - V17\225b\gamsgeh.dat
    Unknown symbol
--- ..gamsgeh.dat(115) 2 Mb 15 Errors
*** Error 140 in C:\Users\hero\Desktop\Github\test model - V17\225b\gamsgeh.dat
    Unknown symbol
--- ..gamsgeh.dat(162) 2 Mb 17 Errors
*** Error 171 in C:\Users\hero\Desktop\Github\test model - V17\225b\gamsgeh.dat
    Domain violation for set
*** Error 140 in C:\Users\hero\Desktop\Github\test model - V17\225b\gamsgeh.dat
    Unknown symbol
--- ..gamsgeh.dat(177) 2 Mb 18 Errors
*** Error 140 in C:\Users\hero\Desktop\Github\test model - V17\225b\gamsgeh.dat
    Unknown symbol
--- ..gamsgeh.dat(182) 3 Mb 26 Errors
*** Error 140 in C:\Users\hero\Desktop\Github\test model - V17\225b\gamsgeh.dat
    Unknown symbol
*** Error 120 in C:\Users\hero\Desktop\Github\test model - V17\225b\gamsgeh.dat
    Unknown identifier entered as set
*** Error 140 in C:\Users\hero\Desktop\Github\test model - V17\225b\gamsgeh.dat
    Unknown symbol
*** Error 140 in C:\Users\hero\Desktop\Github\test model - V17\225b\gamsgeh.dat
    Unknown symbol
*** Error 140 in C:\Users\hero\Desktop\Github\test model - V17\225b\gamsgeh.dat
    Unknown symbol
*** Error 140 in C:\Users\hero\Desktop\Github\test model - V17\225b\gamsgeh.dat
    Unknown symbol
*** Error 140 in C:\Users\hero\Desktop\Github\test model - V17\225b\gamsgeh.dat
    Unknown symbol
*** Error 140 in C:\Users\hero\Desktop\Github\test model - V17\225b\gamsgeh.dat
    Unknown symbol
--- ..gamsgeh.dat(187) 3 Mb 27 Errors
*** Error 140 in C:\Users\hero\Desktop\Github\test model - V17\225b\gamsgeh.dat
    Unknown symbol
--- ..gamsgeh.dat(192) 3 Mb 28 Errors
*** Error 140 in C:\Users\hero\Desktop\Github\test model - V17\225b\gamsgeh.dat
    Unknown symbol
--- ..gamsgeh.dat(207) 3 Mb 30 Errors
*** Error 140 in C:\Users\hero\Desktop\Github\test model - V17\225b\gamsgeh.dat
    Unknown symbol
*** Error 140 in C:\Users\hero\Desktop\Github\test model - V17\225b\gamsgeh.dat
    Unknown symbol
--- ..gamsgeh.dat(212) 3 Mb 33 Errors
*** Error 120 in C:\Users\hero\Desktop\Github\test model - V17\225b\gamsgeh.dat
    Unknown identifier entered as set
*** Error 340 in C:\Users\hero\Desktop\Github\test model - V17\225b\gamsgeh.dat
    A label/element with the same name exist. You may have forgotten
       to quote a label/element reference. For example,
       set i / a,b,c /; parameter x(i); x('a') = 10;
*** Error 140 in C:\Users\hero\Desktop\Github\test model - V17\225b\gamsgeh.dat
    Unknown symbol
--- ..gamsgeh.dat(641) 3 Mb
--- .mpsgeset(22) 3 Mb
--- core_2016.gms(299) 3 Mb 34 Errors
*** Error 140 in C:\Users\hero\Desktop\Github\test model - V17\core_2016.gms
    Unknown symbol
--- core_2016.gms(334) 3 Mb
--- .China3E.gen(103) 3 Mb 35 Errors
*** Error 140 in C:\Users\hero\Desktop\Github\test model - V17\China3E.gen
    Unknown symbol
--- .China3E.gen(106) 3 Mb 36 Errors
*** Error 140 in C:\Users\hero\Desktop\Github\test model - V17\China3E.gen
    Unknown symbol
--- .China3E.gen(109) 3 Mb 37 Errors
*** Error 140 in C:\Users\hero\Desktop\Github\test model - V17\China3E.gen
    Unknown symbol
--- .China3E.gen(113) 3 Mb 38 Errors
*** Error 140 in C:\Users\hero\Desktop\Github\test model - V17\China3E.gen
    Unknown symbol
--- .China3E.gen(119) 3 Mb 39 Errors
*** Error 140 in C:\Users\hero\Desktop\Github\test model - V17\China3E.gen
    Unknown symbol
--- .China3E.gen(120) 3 Mb 40 Errors
*** Error 140 in C:\Users\hero\Desktop\Github\test model - V17\China3E.gen
    Unknown symbol
--- .China3E.gen(124) 3 Mb 41 Errors
*** Error 140 in C:\Users\hero\Desktop\Github\test model - V17\China3E.gen
    Unknown symbol
--- .China3E.gen(125) 3 Mb 42 Errors
*** Error 140 in C:\Users\hero\Desktop\Github\test model - V17\China3E.gen
    Unknown symbol
--- .China3E.gen(130) 3 Mb 43 Errors
*** Error 140 in C:\Users\hero\Desktop\Github\test model - V17\China3E.gen
    Unknown symbol
--- .China3E.gen(137) 3 Mb 44 Errors
*** Error 140 in C:\Users\hero\Desktop\Github\test model - V17\China3E.gen
    Unknown symbol
--- .China3E.gen(144) 3 Mb 45 Errors
*** Error 140 in C:\Users\hero\Desktop\Github\test model - V17\China3E.gen
    Unknown symbol
--- .China3E.gen(157) 3 Mb 47 Errors
*** Error 140 in C:\Users\hero\Desktop\Github\test model - V17\China3E.gen
    Unknown symbol
*** Error 116 in C:\Users\hero\Desktop\Github\test model - V17\China3E.gen
    Label is unknown
--- .China3E.gen(165) 3 Mb 48 Errors
*** Error 140 in C:\Users\hero\Desktop\Github\test model - V17\China3E.gen
    Unknown symbol
--- .China3E.gen(166) 3 Mb 49 Errors
*** Error 140 in C:\Users\hero\Desktop\Github\test model - V17\China3E.gen
    Unknown symbol
--- .China3E.gen(172) 3 Mb 51 Errors
*** Error 140 in C:\Users\hero\Desktop\Github\test model - V17\China3E.gen
    Unknown symbol
*** Error 116 in C:\Users\hero\Desktop\Github\test model - V17\China3E.gen
    Label is unknown
--- .China3E.gen(177) 3 Mb 53 Errors
*** Error 120 in C:\Users\hero\Desktop\Github\test model - V17\China3E.gen
    Unknown identifier entered as set
*** Error 340 in C:\Users\hero\Desktop\Github\test model - V17\China3E.gen
    A label/element with the same name exist. You may have forgotten
       to quote a label/element reference. For example,
       set i / a,b,c /; parameter x(i); x('a') = 10;
--- .China3E.gen(183) 3 Mb 54 Errors
*** Error 140 in C:\Users\hero\Desktop\Github\test model - V17\China3E.gen
    Unknown symbol
--- .China3E.gen(184) 3 Mb 55 Errors
*** Error 140 in C:\Users\hero\Desktop\Github\test model - V17\China3E.gen
    Unknown symbol
--- .China3E.gen(191) 3 Mb 56 Errors
*** Error 140 in C:\Users\hero\Desktop\Github\test model - V17\China3E.gen
    Unknown symbol
--- .China3E.gen(199) 3 Mb 57 Errors
*** Error 140 in C:\Users\hero\Desktop\Github\test model - V17\China3E.gen
    Unknown symbol
--- .China3E.gen(224) 3 Mb 58 Errors
*** Error 140 in C:\Users\hero\Desktop\Github\test model - V17\China3E.gen
    Unknown symbol
--- .China3E.gen(264) 3 Mb 60 Errors
*** Error 140 in C:\Users\hero\Desktop\Github\test model - V17\China3E.gen
    Unknown symbol
*** Error 116 in C:\Users\hero\Desktop\Github\test model - V17\China3E.gen
    Label is unknown
--- .China3E.gen(298) 3 Mb 62 Errors
*** Error 140 in C:\Users\hero\Desktop\Github\test model - V17\China3E.gen
    Unknown symbol
*** Error 116 in C:\Users\hero\Desktop\Github\test model - V17\China3E.gen
    Label is unknown
--- .China3E.gen(300) 3 Mb 63 Errors
*** Error 116 in C:\Users\hero\Desktop\Github\test model - V17\China3E.gen
    Label is unknown
--- .China3E.gen(302) 3 Mb 64 Errors
*** Error 140 in C:\Users\hero\Desktop\Github\test model - V17\China3E.gen
    Unknown symbol
--- .China3E.gen(429) 3 Mb 66 Errors
*** Error 140 in C:\Users\hero\Desktop\Github\test model - V17\China3E.gen
    Unknown symbol
*** Error 116 in C:\Users\hero\Desktop\Github\test model - V17\China3E.gen
    Label is unknown
--- .China3E.gen(430) 3 Mb 67 Errors
*** Error 116 in C:\Users\hero\Desktop\Github\test model - V17\China3E.gen
    Label is unknown
--- .China3E.gen(437) 3 Mb 68 Errors
*** Error 140 in C:\Users\hero\Desktop\Github\test model - V17\China3E.gen
    Unknown symbol
--- .China3E.gen(449) 3 Mb 69 Errors
*** Error 140 in C:\Users\hero\Desktop\Github\test model - V17\China3E.gen
    Unknown symbol
--- .China3E.gen(455) 3 Mb 71 Errors
*** Error 140 in C:\Users\hero\Desktop\Github\test model - V17\China3E.gen
    Unknown symbol
*** Error 116 in C:\Users\hero\Desktop\Github\test model - V17\China3E.gen
    Label is unknown
--- .China3E.gen(604) 3 Mb 72 Errors
*** Error 140 in C:\Users\hero\Desktop\Github\test model - V17\China3E.gen
    Unknown symbol
--- .China3E.gen(606) 3 Mb 73 Errors
*** Error 116 in C:\Users\hero\Desktop\Github\test model - V17\China3E.gen
    Label is unknown
--- .China3E.gen(622) 3 Mb 74 Errors
*** Error 116 in C:\Users\hero\Desktop\Github\test model - V17\China3E.gen
    Label is unknown
--- .China3E.gen(636) 3 Mb 75 Errors
*** Error 116 in C:\Users\hero\Desktop\Github\test model - V17\China3E.gen
    Label is unknown
--- .China3E.gen(654) 3 Mb 76 Errors
*** Error 140 in C:\Users\hero\Desktop\Github\test model - V17\China3E.gen
    Unknown symbol
--- .China3E.gen(669) 3 Mb 77 Errors
*** Error 140 in C:\Users\hero\Desktop\Github\test model - V17\China3E.gen
    Unknown symbol
--- .China3E.gen(688) 3 Mb 83 Errors
*** Error 119 in C:\Users\hero\Desktop\Github\test model - V17\China3E.gen
    Number (primary) expected
*** Error 140 in C:\Users\hero\Desktop\Github\test model - V17\China3E.gen
    Unknown symbol
*** Error   8 in C:\Users\hero\Desktop\Github\test model - V17\China3E.gen
    ')' expected
*** Error  10 in C:\Users\hero\Desktop\Github\test model - V17\China3E.gen
    ',' expected
*** Error   8 in C:\Users\hero\Desktop\Github\test model - V17\China3E.gen
    ')' expected
*** Error 409 in C:\Users\hero\Desktop\Github\test model - V17\China3E.gen
    Unrecognizable item - skip to find a new statement
      looking for a ';' or a key word to get started again
--- .China3E.gen(690) 3 Mb 86 Errors
*** Error 119 in C:\Users\hero\Desktop\Github\test model - V17\China3E.gen
    Number (primary) expected
*** Error   8 in C:\Users\hero\Desktop\Github\test model - V17\China3E.gen
    ')' expected
*** Error 191 in C:\Users\hero\Desktop\Github\test model - V17\China3E.gen
    Closing quote missing
--- .China3E.gen(692) 3 Mb 87 Errors
*** Error 408 in C:\Users\hero\Desktop\Github\test model - V17\China3E.gen
    Too many ),] or }
--- .China3E.gen(694) 3 Mb 88 Errors
*** Error 140 in C:\Users\hero\Desktop\Github\test model - V17\China3E.gen
    Unknown symbol
--- .China3E.gen(936) 3 Mb
--- core_2016.gms(336) 3 Mb 89 Errors
*** Error 257 in C:\Users\hero\Desktop\Github\test model - V17\core_2016.gms
    Solve statement not checked because of previous errors
--- core_2016.gms(340) 3 Mb 93 Errors
*** Error 140 in C:\Users\hero\Desktop\Github\test model - V17\core_2016.gms
    Unknown symbol
*** Error 149 in C:\Users\hero\Desktop\Github\test model - V17\core_2016.gms
    Uncontrolled set entered as constant
*** Error 149 in C:\Users\hero\Desktop\Github\test model - V17\core_2016.gms
    Uncontrolled set entered as constant
*** Error 149 in C:\Users\hero\Desktop\Github\test model - V17\core_2016.gms
    Uncontrolled set entered as constant
--- core_2016.gms(344) 3 Mb 95 Errors
*** Error 119 in C:\Users\hero\Desktop\Github\test model - V17\core_2016.gms
    Number (primary) expected
*** Error 299 in C:\Users\hero\Desktop\Github\test model - V17\core_2016.gms
    Unexpected end of file
--- core_2016.gms(344) 3 Mb 95 Errors
*** Status: Compilation error(s)
--- Job core_2016.gms Stop 12/06/16 23:42:33 elapsed 0:00:00.372
Exit code = 2
